<?xml version="1.0" encoding="UTF-8"?>
<testng-results ignored="0" total="1" passed="1" failed="0" skipped="0">
  <reporter-output>
  </reporter-output>
  <suite started-at="2021-11-16T09:27:23Z" name="Suite" finished-at="2021-11-16T09:30:19Z" duration-ms="175480">
    <groups>
    </groups>
    <test started-at="2021-11-16T09:27:23Z" name="Chrome" finished-at="2021-11-16T09:30:19Z" duration-ms="175480">
      <class name="Uploadtest">
        <test-method is-config="true" signature="setup(java.lang.String, java.lang.String, java.lang.String)[pri:0, instance:Uploadtest@7fe8ea47]" started-at="2021-11-16T09:27:23Z" name="setup" finished-at="2021-11-16T09:27:34Z" duration-ms="11187" status="PASS">
          <params>
            <param index="0">
              <value>
                <![CDATA[Chrome]]>
              </value>
            </param>
            <param index="1">
              <value>
                <![CDATA[latest]]>
              </value>
            </param>
            <param index="2">
              <value>
                <![CDATA[Windows 10]]>
              </value>
            </param>
          </params>
          <reporter-output>
          </reporter-output>
        </test-method> <!-- setup -->
        <test-method signature="test1()[pri:0, instance:Uploadtest@7fe8ea47]" started-at="2021-11-16T09:27:34Z" name="test1" finished-at="2021-11-16T09:30:17Z" duration-ms="162428" status="PASS">
          <reporter-output>
          </reporter-output>
        </test-method> <!-- test1 -->
        <test-method is-config="true" signature="teardown()[pri:0, instance:Uploadtest@7fe8ea47]" started-at="2021-11-16T09:30:17Z" name="teardown" finished-at="2021-11-16T09:30:19Z" duration-ms="1845" status="PASS">
          <reporter-output>
          </reporter-output>
        </test-method> <!-- teardown -->
      </class> <!-- Uploadtest -->
    </test> <!-- Chrome -->
  </suite> <!-- Suite -->
</testng-results>
